<?xml version="1.0" encoding="UTF-8"?>
<!-- Generated by org.testng.reporters.JUnitXMLReporter -->
<testsuite ignored="1" hostname="DESKTOP-HO3NPSQ" failures="2" tests="13" name="TestA" time="0.256" errors="0" timestamp="2021-05-28T10:58:26 IST">
  <testcase classname="selenium.testng.TestNGAnnot" name="testLoginPass" time="0.009"/>
  <testcase classname="selenium.testng.TestNGAnnot" name="testLoginPriority0" time="0.011"/>
  <testcase classname="selenium.testng.TestNGAnnot" name="testLoginRefersh" time="0.004"/>
  <testcase classname="selenium.testng.TestNGAnnot" name="testLoginRefersh" time="0.01"/>
  <testcase classname="selenium.testng.TestNGAnnot" name="testLoginRefersh" time="0.009"/>
  <testcase classname="selenium.testng.TestNGAnnot" name="testLoginRefersh" time="0.001"/>
  <testcase classname="selenium.testng.TestNGAnnot" name="testLoginRefersh" time="0.007"/>
  <testcase classname="selenium.testng.TestNGAnnot" name="testSuccessLogin" time="0.006">
    <failure type="java.lang.AssertionError">
      <![CDATA[java.lang.AssertionError: 
at selenium.testng.TestNGAnnot.testSuccessLogin(TestNGAnnot.java:44)
at java.base/java.util.ArrayList.forEach(ArrayList.java:1511)
... Removed 31 stack frames]]>
    </failure>
  </testcase> <!-- testSuccessLogin -->
  <testcase classname="selenium.testng.TestNGAnnot" name="testHomePage" time="0.0">
    <skipped/>
  </testcase> <!-- testHomePage -->
  <testcase classname="selenium.testng.TestNGAnnot" name="testLoginPriority1" time="0.002">
    <failure type="java.lang.AssertionError">
      <![CDATA[java.lang.AssertionError: 
at selenium.testng.TestNGAnnot.testLoginPriority1(TestNGAnnot.java:33)
at java.base/java.util.ArrayList.forEach(ArrayList.java:1511)
... Removed 31 stack frames]]>
    </failure>
  </testcase> <!-- testLoginPriority1 -->
  <testcase classname="selenium.testng.TestNGAnnot" name="testLoginPriority2" time="0.0">
    <skipped/>
  </testcase> <!-- testLoginPriority2 -->
  <testcase classname="selenium.testng.TestNGAnnotations" name="firstTest" time="0.002"/>
  <testcase classname="selenium.testng.TestNGAnnotations" name="secondTest" time="0.002"/>
  <testcase classname="selenium.testng.TestNGAnnot" name="testLoginFail" time="0.0">
    <ignored/>
  </testcase> <!-- testLoginFail -->
</testsuite> <!-- TestA -->
